
--- Job osemosys.gms Start 04/18/24 19:37:53 46.2.0 ac4adda6 WEX-WEI x86 64bit/MS Windows
--- Applying:
    C:\GAMS\46\gmsprmNT.txt
--- GAMS Parameters defined
    Input "C:\Users\Ali Sawah\Documents\GitHub\OSemosys_Polimi\Morocco Project\osemosys.gms"
    PageSize 0
    ScrDir "C:\Users\Ali Sawah\Documents\GitHub\OSemosys_Polimi\Morocco Project\225a\"
    SysDir C:\GAMS\46\
    LogOption 3
    ErrMsg 1
    ErrorLog 99
    IDE 1
    LstTitleLeftAligned 1
    --mip 1
    --data Morocco
Licensee: Course License                                 S240213|0002AO-GEN
          Fondazione CMCC, Complesso Ecotekne                       DCE3258
          C:\Users\Ali Sawah\Documents\GAMS\gamslice.txt
          License Admin: Massimo Tavoni, massimo.tavoni@polimi.it          
          Course license for use within the course and related course work
          The evaluation period of the license will expire on Aug 11, 2024
Processor information: 1 socket(s), 6 core(s), and 12 thread(s) available
GAMS 46.2.0   Copyright (C) 1987-2024 GAMS Development. All rights reserved
--- Starting compilation
--- osemosys.gms(33) 2 Mb
--- . osemosys_dec.gms(799) 2 Mb
--- osemosys.gms(35) 2 Mb
--- . Morocco_data.gms(2121) 4 Mb
--- osemosys.gms(37) 4 Mb
--- . compute_data.gms(8) 4 Mb
--- osemosys.gms(39) 4 Mb
--- . osemosys_equ.gms(657) 4 Mb
--- osemosys.gms(55) 4 Mb
--- . osemosys_res.gms(90) 4 Mb
--- osemosys.gms(56) 4 Mb
--- . report.gms(148) 4 Mb
--- osemosys.gms(89) 4 Mb
--- Starting execution: elapsed 0:00:00.080
--- osemosys.gms(3462) 6 Mb
--- Generating MIP model osemosys
--- osemosys.gms(3466) 797 Mb
---   2,653,215 rows  2,645,470 columns  6,504,217 non-zeroes
--- Range statistics (absolute non-zero finite values)
--- RHS       [min, max] : [ 5.400E-03, 1.000E+05] - Zero values observed as well
--- Bound     [min, max] : [        NA,        NA] - Zero values observed as well
--- Matrix    [min, max] : [ 1.000E-05, 1.000E+09]
--- Executing COPT (Solvelink=2): elapsed 0:00:06.254

COPT             46.2.0 ac4adda6 Mar 5, 2024           WEI x86 64bit/MS Window

Passing GAMS variable and equation levels and marginals as LP starting point to COPT.

Cardinal Optimizer v7.0.6. Build date Jan 16 2024
Copyright Cardinal Operations 2023. All Rights Reserved

Modified COPT parameters:
TimeLimit                 1e+10
AbsGap                    0
LogToConsole              0
ReqFarkasRay              1

Model fingerprint: ba752900

Using Cardinal Optimizer v7.0.6 on Windows
Hardware has 6 cores and 12 threads. Using instruction set X86_AVX512_E1 (14)
Minimizing an LP problem

The original problem has:
    2653214 rows, 2645469 columns and 6504180 non-zero elements
The folded problem has:
    316817 rows, 328475 columns and 863707 non-zero elements
The presolved problem has:
    35478 rows, 46632 columns and 231542 non-zero elements

Starting the simplex solver using up to 8 threads

Method   Iteration           Objective  Primal.NInf   Dual.NInf        Time
Dual             0    7.8630910421e+03         3225           0       1.53s
Dual          1705    8.7215289819e+03         1901           0       1.56s
Dual          3915    1.0599782847e+04         2690           0       1.59s
Dual          4514    2.4258653076e+04         2867           0       1.66s
Dual          5022    4.3470114403e+04         2952           0       1.72s
Dual          5476    7.7498071909e+04         2896           0       1.80s
Dual          6032    1.1697853316e+05         3104           0       1.87s
Dual          7027    1.6027242548e+05         3308           0       1.95s
Dual          7582    2.3660624394e+05         3240           0       2.05s
Dual          8289    3.3185016716e+05         3404           0       2.13s
Dual          9193    5.1175127692e+05         3541           0       2.19s
Dual          9619    6.0189813464e+05         3831           0       2.32s
Dual         10072    7.5517110036e+05         3692           0       2.43s
Dual         10698    9.0940645029e+05         3559           0       2.56s
Dual         11326    1.1489033923e+06         3458           0       2.69s
Dual         11857    1.3230285303e+06         3637           0       2.80s
Dual         12655    1.4792387295e+06         3369           0       2.91s
Dual         13182    1.6743590190e+06         3422           0       3.03s
Dual         14123    1.9646976578e+06         3233           0       3.16s
Dual         14542    2.0191927875e+06         3237           0       3.34s

Method   Iteration           Objective  Primal.NInf   Dual.NInf        Time
Dual         14996    2.2998646379e+06         3302           0       3.48s
Dual         15750    1.0291027591e+07         2981           0       3.57s
Dual         16370    1.0594701136e+07         2588           0       3.71s
Dual         16780    1.0730766743e+07         2489           0       3.82s
Dual         17248    1.0927778866e+07         2357           0       3.96s
Dual         17699    1.1142242272e+07         2409           0       4.08s
Dual         18224    1.1185975004e+07         1897           0       4.21s
Dual         18356    1.1179804721e+07         1237         288       4.24s
Dual-I       18356   -9.1138073095e+03         3370         288       4.24s
Dual-I       18410    0.0000000000e+00            0           0       4.25s
Dual         18410   -3.0236862316e+08         4031           0       4.25s
Dual         18943    1.1187348336e+07         1250           0       4.27s
Computing dual Farkas to infeasible model

Solving finished
Status: Infeasible  Objective: -  Iterations: 19022  Time: 9.46s
--- Reading solution for model osemosys
--- osemosys.gms(3466) 797 Mb  17 secs
--- Executing after solve: elapsed 0:00:21.804
--- osemosys.gms(3611) 797 Mb
*** Error at line 3611: division by zero (0)
--- osemosys.gms(3633) 797 Mb 1 Error
*** Error at line 3633: division by zero (0)
--- osemosys.gms(3648) 797 Mb 2 Errors
*** Error at line 3648: division by zero (0)
--- osemosys.gms(3688) 797 Mb 3 Errors
*** Error at line 3688: division by zero (0)
--- osemosys.gms(3691) 797 Mb 4 Errors
*** GDXopenWrite failed C:\Users\Ali Sawah\Documents\GitHub\OSemosys_Polimi\Morocco Project\Results\report_base.gdx
*** Msg: No such file or directory
*** New file name used is C:\Users\Ali Sawah\Documents\GitHub\OSemosys_Polimi\Morocco Project\gams11.gdx
--- GDX File (execute_unload) C:\Users\Ali Sawah\Documents\GitHub\OSemosys_Polimi\Morocco Project\gams11.gdx
--- osemosys.gms(3705) 797 Mb
*** GDXopenWrite failed C:\Users\Ali Sawah\Documents\GitHub\OSemosys_Polimi\Morocco Project\Results\results_SCENbase_DATAMorocco.gdx
*** Msg: No such file or directory
*** New file name used is C:\Users\Ali Sawah\Documents\GitHub\OSemosys_Polimi\Morocco Project\gams12.gdx
--- GDX File (execute_unload) C:\Users\Ali Sawah\Documents\GitHub\OSemosys_Polimi\Morocco Project\gams12.gdx
--- Putfile ANT C:\Users\Ali Sawah\Documents\GitHub\OSemosys_Polimi\Morocco Project\SelResults.CSV
--- osemosys.gms(3705) 797 Mb 4 Errors
*** Status: Execution error(s)
--- Job osemosys.gms Stop 04/18/24 19:38:15 elapsed 0:00:21.836
