--- Job osemosys_equ.gms Start 04/01/24 14:41:40 46.2.0 ac4adda6 WEX-WEI x86 64bit/MS Windows
--- Applying:
    C:\GAMS\46\gmsprmNT.txt
--- GAMS Parameters defined
    Input "C:\Users\Ali Sawah\Desktop\GAMS Models\OSEMOSYS\Utopia\Model\osemosys_equ.gms"
    PageSize 0
    ScrDir "C:\Users\Ali Sawah\Desktop\GAMS Models\OSEMOSYS\Utopia\Model\225a\"
    SysDir C:\GAMS\46\
    LogOption 3
    ErrMsg 1
    ErrorLog 99
    IDE 1
    LstTitleLeftAligned 1
Licensee: Course License                                 S240213|0002AO-GEN
          Fondazione CMCC, Complesso Ecotekne                       DCE3258
          C:\Users\Ali Sawah\Documents\GAMS\gamslice.txt
          License Admin: Massimo Tavoni, massimo.tavoni@polimi.it          
          Course license for use within the course and related course work
          The evaluation period of the license will expire on Aug 11, 2024
Processor information: 1 socket(s), 6 core(s), and 12 thread(s) available
GAMS 46.2.0   Copyright (C) 1987-2024 GAMS Development. All rights reserved
--- Starting compilation
--- osemosys_equ.gms(28) 3 Mb 3 Errors
*** Error 120 in C:\Users\Ali Sawah\Desktop\GAMS Models\OSEMOSYS\Utopia\Model\osemosys_equ.gms
    Unknown identifier entered as set
*** Error 120 in C:\Users\Ali Sawah\Desktop\GAMS Models\OSEMOSYS\Utopia\Model\osemosys_equ.gms
    Unknown identifier entered as set
*** Error 140 in C:\Users\Ali Sawah\Desktop\GAMS Models\OSEMOSYS\Utopia\Model\osemosys_equ.gms
    Unknown symbol
--- osemosys_equ.gms(41) 3 Mb 7 Errors
*** Error 120 in C:\Users\Ali Sawah\Desktop\GAMS Models\OSEMOSYS\Utopia\Model\osemosys_equ.gms
    Unknown identifier entered as set
*** Error 120 in C:\Users\Ali Sawah\Desktop\GAMS Models\OSEMOSYS\Utopia\Model\osemosys_equ.gms
    Unknown identifier entered as set
*** Error 120 in C:\Users\Ali Sawah\Desktop\GAMS Models\OSEMOSYS\Utopia\Model\osemosys_equ.gms
    Unknown identifier entered as set
*** Error 120 in C:\Users\Ali Sawah\Desktop\GAMS Models\OSEMOSYS\Utopia\Model\osemosys_equ.gms
    Unknown identifier entered as set
--- osemosys_equ.gms(42) 3 Mb 10 Errors
*** Error 120 in C:\Users\Ali Sawah\Desktop\GAMS Models\OSEMOSYS\Utopia\Model\osemosys_equ.gms
    Unknown identifier entered as set
*** Error 120 in C:\Users\Ali Sawah\Desktop\GAMS Models\OSEMOSYS\Utopia\Model\osemosys_equ.gms
    Unknown identifier entered as set
*** Error 140 in C:\Users\Ali Sawah\Desktop\GAMS Models\OSEMOSYS\Utopia\Model\osemosys_equ.gms
    Unknown symbol
--- osemosys_equ.gms(43) 3 Mb 13 Errors
*** Error 140 in C:\Users\Ali Sawah\Desktop\GAMS Models\OSEMOSYS\Utopia\Model\osemosys_equ.gms
    Unknown symbol
*** Error 140 in C:\Users\Ali Sawah\Desktop\GAMS Models\OSEMOSYS\Utopia\Model\osemosys_equ.gms
    Unknown symbol
*** Error 140 in C:\Users\Ali Sawah\Desktop\GAMS Models\OSEMOSYS\Utopia\Model\osemosys_equ.gms
    Unknown symbol
--- osemosys_equ.gms(62) 3 Mb 14 Errors
*** Error 120 in C:\Users\Ali Sawah\Desktop\GAMS Models\OSEMOSYS\Utopia\Model\osemosys_equ.gms
    Unknown identifier entered as set
--- osemosys_equ.gms(63) 3 Mb 15 Errors
*** Error 120 in C:\Users\Ali Sawah\Desktop\GAMS Models\OSEMOSYS\Utopia\Model\osemosys_equ.gms
    Unknown identifier entered as set
--- osemosys_equ.gms(64) 3 Mb 16 Errors
*** Error 140 in C:\Users\Ali Sawah\Desktop\GAMS Models\OSEMOSYS\Utopia\Model\osemosys_equ.gms
    Unknown symbol
--- osemosys_equ.gms(68) 3 Mb 18 Errors
*** Error 140 in C:\Users\Ali Sawah\Desktop\GAMS Models\OSEMOSYS\Utopia\Model\osemosys_equ.gms
    Unknown symbol
*** Error 140 in C:\Users\Ali Sawah\Desktop\GAMS Models\OSEMOSYS\Utopia\Model\osemosys_equ.gms
    Unknown symbol
--- osemosys_equ.gms(73) 3 Mb 21 Errors
*** Error 171 in C:\Users\Ali Sawah\Desktop\GAMS Models\OSEMOSYS\Utopia\Model\osemosys_equ.gms
    Domain violation for set
*** Error 171 in C:\Users\Ali Sawah\Desktop\GAMS Models\OSEMOSYS\Utopia\Model\osemosys_equ.gms
    Domain violation for set
*** Error 171 in C:\Users\Ali Sawah\Desktop\GAMS Models\OSEMOSYS\Utopia\Model\osemosys_equ.gms
    Domain violation for set
--- osemosys_equ.gms(74) 3 Mb 23 Errors
*** Error 140 in C:\Users\Ali Sawah\Desktop\GAMS Models\OSEMOSYS\Utopia\Model\osemosys_equ.gms
    Unknown symbol
*** Error 140 in C:\Users\Ali Sawah\Desktop\GAMS Models\OSEMOSYS\Utopia\Model\osemosys_equ.gms
    Unknown symbol
--- osemosys_equ.gms(77) 3 Mb 27 Errors
*** Error 171 in C:\Users\Ali Sawah\Desktop\GAMS Models\OSEMOSYS\Utopia\Model\osemosys_equ.gms
    Domain violation for set
*** Error 171 in C:\Users\Ali Sawah\Desktop\GAMS Models\OSEMOSYS\Utopia\Model\osemosys_equ.gms
    Domain violation for set
*** Error 171 in C:\Users\Ali Sawah\Desktop\GAMS Models\OSEMOSYS\Utopia\Model\osemosys_equ.gms
    Domain violation for set
*** Error 171 in C:\Users\Ali Sawah\Desktop\GAMS Models\OSEMOSYS\Utopia\Model\osemosys_equ.gms
    Domain violation for set
--- osemosys_equ.gms(78) 3 Mb 30 Errors
*** Error 120 in C:\Users\Ali Sawah\Desktop\GAMS Models\OSEMOSYS\Utopia\Model\osemosys_equ.gms
    Unknown identifier entered as set
*** Error 140 in C:\Users\Ali Sawah\Desktop\GAMS Models\OSEMOSYS\Utopia\Model\osemosys_equ.gms
    Unknown symbol
*** Error 140 in C:\Users\Ali Sawah\Desktop\GAMS Models\OSEMOSYS\Utopia\Model\osemosys_equ.gms
    Unknown symbol
--- osemosys_equ.gms(81) 3 Mb 34 Errors
*** Error 171 in C:\Users\Ali Sawah\Desktop\GAMS Models\OSEMOSYS\Utopia\Model\osemosys_equ.gms
    Domain violation for set
*** Error 171 in C:\Users\Ali Sawah\Desktop\GAMS Models\OSEMOSYS\Utopia\Model\osemosys_equ.gms
    Domain violation for set
*** Error 171 in C:\Users\Ali Sawah\Desktop\GAMS Models\OSEMOSYS\Utopia\Model\osemosys_equ.gms
    Domain violation for set
*** Error 171 in C:\Users\Ali Sawah\Desktop\GAMS Models\OSEMOSYS\Utopia\Model\osemosys_equ.gms
    Domain violation for set
--- osemosys_equ.gms(82) 3 Mb 36 Errors
*** Error 140 in C:\Users\Ali Sawah\Desktop\GAMS Models\OSEMOSYS\Utopia\Model\osemosys_equ.gms
    Unknown symbol
*** Error 140 in C:\Users\Ali Sawah\Desktop\GAMS Models\OSEMOSYS\Utopia\Model\osemosys_equ.gms
    Unknown symbol
--- osemosys_equ.gms(104) 3 Mb 39 Errors
*** Error 171 in C:\Users\Ali Sawah\Desktop\GAMS Models\OSEMOSYS\Utopia\Model\osemosys_equ.gms
    Domain violation for set
*** Error 171 in C:\Users\Ali Sawah\Desktop\GAMS Models\OSEMOSYS\Utopia\Model\osemosys_equ.gms
    Domain violation for set
*** Error 171 in C:\Users\Ali Sawah\Desktop\GAMS Models\OSEMOSYS\Utopia\Model\osemosys_equ.gms
    Domain violation for set
--- osemosys_equ.gms(105) 3 Mb 40 Errors
*** Error 140 in C:\Users\Ali Sawah\Desktop\GAMS Models\OSEMOSYS\Utopia\Model\osemosys_equ.gms
    Unknown symbol
--- osemosys_equ.gms(115) 3 Mb 41 Errors
*** Error 120 in C:\Users\Ali Sawah\Desktop\GAMS Models\OSEMOSYS\Utopia\Model\osemosys_equ.gms
    Unknown identifier entered as set
--- osemosys_equ.gms(116) 3 Mb 42 Errors
*** Error 140 in C:\Users\Ali Sawah\Desktop\GAMS Models\OSEMOSYS\Utopia\Model\osemosys_equ.gms
    Unknown symbol
--- osemosys_equ.gms(117) 3 Mb 43 Errors
*** Error 140 in C:\Users\Ali Sawah\Desktop\GAMS Models\OSEMOSYS\Utopia\Model\osemosys_equ.gms
    Unknown symbol
--- osemosys_equ.gms(120) 3 Mb 48 Errors
*** Error 171 in C:\Users\Ali Sawah\Desktop\GAMS Models\OSEMOSYS\Utopia\Model\osemosys_equ.gms
    Domain violation for set
*** Error 171 in C:\Users\Ali Sawah\Desktop\GAMS Models\OSEMOSYS\Utopia\Model\osemosys_equ.gms
    Domain violation for set
*** Error 171 in C:\Users\Ali Sawah\Desktop\GAMS Models\OSEMOSYS\Utopia\Model\osemosys_equ.gms
    Domain violation for set
*** Error 171 in C:\Users\Ali Sawah\Desktop\GAMS Models\OSEMOSYS\Utopia\Model\osemosys_equ.gms
    Domain violation for set
*** Error 171 in C:\Users\Ali Sawah\Desktop\GAMS Models\OSEMOSYS\Utopia\Model\osemosys_equ.gms
    Domain violation for set
--- osemosys_equ.gms(122) 3 Mb 49 Errors
*** Error 140 in C:\Users\Ali Sawah\Desktop\GAMS Models\OSEMOSYS\Utopia\Model\osemosys_equ.gms
    Unknown symbol
--- osemosys_equ.gms(125) 3 Mb 53 Errors
*** Error 171 in C:\Users\Ali Sawah\Desktop\GAMS Models\OSEMOSYS\Utopia\Model\osemosys_equ.gms
    Domain violation for set
*** Error 171 in C:\Users\Ali Sawah\Desktop\GAMS Models\OSEMOSYS\Utopia\Model\osemosys_equ.gms
    Domain violation for set
*** Error 171 in C:\Users\Ali Sawah\Desktop\GAMS Models\OSEMOSYS\Utopia\Model\osemosys_equ.gms
    Domain violation for set
*** Error 171 in C:\Users\Ali Sawah\Desktop\GAMS Models\OSEMOSYS\Utopia\Model\osemosys_equ.gms
    Domain violation for set
--- osemosys_equ.gms(127) 3 Mb 54 Errors
*** Error 140 in C:\Users\Ali Sawah\Desktop\GAMS Models\OSEMOSYS\Utopia\Model\osemosys_equ.gms
    Unknown symbol
--- osemosys_equ.gms(130) 3 Mb 61 Errors
*** Error 171 in C:\Users\Ali Sawah\Desktop\GAMS Models\OSEMOSYS\Utopia\Model\osemosys_equ.gms
    Domain violation for set
*** Error 171 in C:\Users\Ali Sawah\Desktop\GAMS Models\OSEMOSYS\Utopia\Model\osemosys_equ.gms
    Domain violation for set
*** Error 171 in C:\Users\Ali Sawah\Desktop\GAMS Models\OSEMOSYS\Utopia\Model\osemosys_equ.gms
    Domain violation for set
*** Error 171 in C:\Users\Ali Sawah\Desktop\GAMS Models\OSEMOSYS\Utopia\Model\osemosys_equ.gms
    Domain violation for set
*** Error 171 in C:\Users\Ali Sawah\Desktop\GAMS Models\OSEMOSYS\Utopia\Model\osemosys_equ.gms
    Domain violation for set
*** Error 171 in C:\Users\Ali Sawah\Desktop\GAMS Models\OSEMOSYS\Utopia\Model\osemosys_equ.gms
    Domain violation for set
*** Error 140 in C:\Users\Ali Sawah\Desktop\GAMS Models\OSEMOSYS\Utopia\Model\osemosys_equ.gms
    Unknown symbol
--- osemosys_equ.gms(131) 3 Mb 62 Errors
*** Error 140 in C:\Users\Ali Sawah\Desktop\GAMS Models\OSEMOSYS\Utopia\Model\osemosys_equ.gms
    Unknown symbol
--- osemosys_equ.gms(134) 3 Mb 67 Errors
*** Error 171 in C:\Users\Ali Sawah\Desktop\GAMS Models\OSEMOSYS\Utopia\Model\osemosys_equ.gms
    Domain violation for set
*** Error 171 in C:\Users\Ali Sawah\Desktop\GAMS Models\OSEMOSYS\Utopia\Model\osemosys_equ.gms
    Domain violation for set
*** Error 171 in C:\Users\Ali Sawah\Desktop\GAMS Models\OSEMOSYS\Utopia\Model\osemosys_equ.gms
    Domain violation for set
*** Error 171 in C:\Users\Ali Sawah\Desktop\GAMS Models\OSEMOSYS\Utopia\Model\osemosys_equ.gms
    Domain violation for set
*** Error 171 in C:\Users\Ali Sawah\Desktop\GAMS Models\OSEMOSYS\Utopia\Model\osemosys_equ.gms
    Domain violation for set
--- osemosys_equ.gms(136) 3 Mb 68 Errors
*** Error 140 in C:\Users\Ali Sawah\Desktop\GAMS Models\OSEMOSYS\Utopia\Model\osemosys_equ.gms
    Unknown symbol
--- osemosys_equ.gms(139) 3 Mb 72 Errors
*** Error 171 in C:\Users\Ali Sawah\Desktop\GAMS Models\OSEMOSYS\Utopia\Model\osemosys_equ.gms
    Domain violation for set
*** Error 171 in C:\Users\Ali Sawah\Desktop\GAMS Models\OSEMOSYS\Utopia\Model\osemosys_equ.gms
    Domain violation for set
*** Error 171 in C:\Users\Ali Sawah\Desktop\GAMS Models\OSEMOSYS\Utopia\Model\osemosys_equ.gms
    Domain violation for set
*** Error 171 in C:\Users\Ali Sawah\Desktop\GAMS Models\OSEMOSYS\Utopia\Model\osemosys_equ.gms
    Domain violation for set
--- osemosys_equ.gms(140) 3 Mb 73 Errors
*** Error 140 in C:\Users\Ali Sawah\Desktop\GAMS Models\OSEMOSYS\Utopia\Model\osemosys_equ.gms
    Unknown symbol
--- osemosys_equ.gms(143) 3 Mb 77 Errors
*** Error 171 in C:\Users\Ali Sawah\Desktop\GAMS Models\OSEMOSYS\Utopia\Model\osemosys_equ.gms
    Domain violation for set
*** Error 171 in C:\Users\Ali Sawah\Desktop\GAMS Models\OSEMOSYS\Utopia\Model\osemosys_equ.gms
    Domain violation for set
*** Error 171 in C:\Users\Ali Sawah\Desktop\GAMS Models\OSEMOSYS\Utopia\Model\osemosys_equ.gms
    Domain violation for set
*** Error 171 in C:\Users\Ali Sawah\Desktop\GAMS Models\OSEMOSYS\Utopia\Model\osemosys_equ.gms
    Domain violation for set
--- osemosys_equ.gms(144) 3 Mb 78 Errors
*** Error 140 in C:\Users\Ali Sawah\Desktop\GAMS Models\OSEMOSYS\Utopia\Model\osemosys_equ.gms
    Unknown symbol
--- osemosys_equ.gms(147) 3 Mb 82 Errors
*** Error 171 in C:\Users\Ali Sawah\Desktop\GAMS Models\OSEMOSYS\Utopia\Model\osemosys_equ.gms
    Domain violation for set
*** Error 171 in C:\Users\Ali Sawah\Desktop\GAMS Models\OSEMOSYS\Utopia\Model\osemosys_equ.gms
    Domain violation for set
*** Error 171 in C:\Users\Ali Sawah\Desktop\GAMS Models\OSEMOSYS\Utopia\Model\osemosys_equ.gms
    Domain violation for set
*** Error 171 in C:\Users\Ali Sawah\Desktop\GAMS Models\OSEMOSYS\Utopia\Model\osemosys_equ.gms
    Domain violation for set
--- osemosys_equ.gms(148) 3 Mb 83 Errors
*** Error 140 in C:\Users\Ali Sawah\Desktop\GAMS Models\OSEMOSYS\Utopia\Model\osemosys_equ.gms
    Unknown symbol
--- osemosys_equ.gms(151) 3 Mb 87 Errors
*** Error 171 in C:\Users\Ali Sawah\Desktop\GAMS Models\OSEMOSYS\Utopia\Model\osemosys_equ.gms
    Domain violation for set
*** Error 171 in C:\Users\Ali Sawah\Desktop\GAMS Models\OSEMOSYS\Utopia\Model\osemosys_equ.gms
    Domain violation for set
*** Error 171 in C:\Users\Ali Sawah\Desktop\GAMS Models\OSEMOSYS\Utopia\Model\osemosys_equ.gms
    Domain violation for set
*** Error 171 in C:\Users\Ali Sawah\Desktop\GAMS Models\OSEMOSYS\Utopia\Model\osemosys_equ.gms
    Domain violation for set
--- osemosys_equ.gms(152) 3 Mb 88 Errors
*** Error 140 in C:\Users\Ali Sawah\Desktop\GAMS Models\OSEMOSYS\Utopia\Model\osemosys_equ.gms
    Unknown symbol
--- osemosys_equ.gms(155) 3 Mb 94 Errors
*** Error 171 in C:\Users\Ali Sawah\Desktop\GAMS Models\OSEMOSYS\Utopia\Model\osemosys_equ.gms
    Domain violation for set
*** Error 120 in C:\Users\Ali Sawah\Desktop\GAMS Models\OSEMOSYS\Utopia\Model\osemosys_equ.gms
    Unknown identifier entered as set
*** Error 171 in C:\Users\Ali Sawah\Desktop\GAMS Models\OSEMOSYS\Utopia\Model\osemosys_equ.gms
    Domain violation for set
*** Error 171 in C:\Users\Ali Sawah\Desktop\GAMS Models\OSEMOSYS\Utopia\Model\osemosys_equ.gms
    Domain violation for set
*** Error 171 in C:\Users\Ali Sawah\Desktop\GAMS Models\OSEMOSYS\Utopia\Model\osemosys_equ.gms
    Domain violation for set
*** Error 171 in C:\Users\Ali Sawah\Desktop\GAMS Models\OSEMOSYS\Utopia\Model\osemosys_equ.gms
    Domain violation for set
--- osemosys_equ.gms(156) 3 Mb 95 Errors
*** Error 140 in C:\Users\Ali Sawah\Desktop\GAMS Models\OSEMOSYS\Utopia\Model\osemosys_equ.gms
    Unknown symbol
--- osemosys_equ.gms(159) 3 Mb 99 Errors
*** Error 171 in C:\Users\Ali Sawah\Desktop\GAMS Models\OSEMOSYS\Utopia\Model\osemosys_equ.gms
    Domain violation for set
*** Error 171 in C:\Users\Ali Sawah\Desktop\GAMS Models\OSEMOSYS\Utopia\Model\osemosys_equ.gms
    Domain violation for set
*** Error 171 in C:\Users\Ali Sawah\Desktop\GAMS Models\OSEMOSYS\Utopia\Model\osemosys_equ.gms
    Domain violation for set
*** Error 171 in C:\Users\Ali Sawah\Desktop\GAMS Models\OSEMOSYS\Utopia\Model\osemosys_equ.gms
    Domain violation for set
--- osemosys_equ.gms(160) 3 Mb 100 Errors
*** Error 140 in C:\Users\Ali Sawah\Desktop\GAMS Models\OSEMOSYS\Utopia\Model\osemosys_equ.gms
    Unknown symbol
--- osemosys_equ.gms(170) 3 Mb 103 Errors
*** Error 171 in C:\Users\Ali Sawah\Desktop\GAMS Models\OSEMOSYS\Utopia\Model\osemosys_equ.gms
    Domain violation for set
*** Error 171 in C:\Users\Ali Sawah\Desktop\GAMS Models\OSEMOSYS\Utopia\Model\osemosys_equ.gms
    Domain violation for set
*** Error 171 in C:\Users\Ali Sawah\Desktop\GAMS Models\OSEMOSYS\Utopia\Model\osemosys_equ.gms
    Domain violation for set
--- osemosys_equ.gms(171) 3 Mb 104 Errors
*** Error 140 in C:\Users\Ali Sawah\Desktop\GAMS Models\OSEMOSYS\Utopia\Model\osemosys_equ.gms
    Unknown symbol
--- osemosys_equ.gms(174) 3 Mb 107 Errors
*** Error 171 in C:\Users\Ali Sawah\Desktop\GAMS Models\OSEMOSYS\Utopia\Model\osemosys_equ.gms
    Domain violation for set
*** Error 171 in C:\Users\Ali Sawah\Desktop\GAMS Models\OSEMOSYS\Utopia\Model\osemosys_equ.gms
    Domain violation for set
*** Error 171 in C:\Users\Ali Sawah\Desktop\GAMS Models\OSEMOSYS\Utopia\Model\osemosys_equ.gms
    Domain violation for set
--- osemosys_equ.gms(175) 3 Mb 108 Errors
*** Error 140 in C:\Users\Ali Sawah\Desktop\GAMS Models\OSEMOSYS\Utopia\Model\osemosys_equ.gms
    Unknown symbol
--- osemosys_equ.gms(178) 3 Mb 112 Errors
*** Error 171 in C:\Users\Ali Sawah\Desktop\GAMS Models\OSEMOSYS\Utopia\Model\osemosys_equ.gms
    Domain violation for set
*** Error 171 in C:\Users\Ali Sawah\Desktop\GAMS Models\OSEMOSYS\Utopia\Model\osemosys_equ.gms
    Domain violation for set
*** Error 171 in C:\Users\Ali Sawah\Desktop\GAMS Models\OSEMOSYS\Utopia\Model\osemosys_equ.gms
    Domain violation for set
*** Error 171 in C:\Users\Ali Sawah\Desktop\GAMS Models\OSEMOSYS\Utopia\Model\osemosys_equ.gms
    Domain violation for set
--- osemosys_equ.gms(179) 3 Mb 113 Errors
*** Error 140 in C:\Users\Ali Sawah\Desktop\GAMS Models\OSEMOSYS\Utopia\Model\osemosys_equ.gms
    Unknown symbol
--- osemosys_equ.gms(182) 3 Mb 116 Errors
*** Error 171 in C:\Users\Ali Sawah\Desktop\GAMS Models\OSEMOSYS\Utopia\Model\osemosys_equ.gms
    Domain violation for set
*** Error 171 in C:\Users\Ali Sawah\Desktop\GAMS Models\OSEMOSYS\Utopia\Model\osemosys_equ.gms
    Domain violation for set
*** Error 171 in C:\Users\Ali Sawah\Desktop\GAMS Models\OSEMOSYS\Utopia\Model\osemosys_equ.gms
    Domain violation for set
--- osemosys_equ.gms(183) 3 Mb 117 Errors
*** Error 140 in C:\Users\Ali Sawah\Desktop\GAMS Models\OSEMOSYS\Utopia\Model\osemosys_equ.gms
    Unknown symbol
--- osemosys_equ.gms(196) 3 Mb 122 Errors
*** Error 171 in C:\Users\Ali Sawah\Desktop\GAMS Models\OSEMOSYS\Utopia\Model\osemosys_equ.gms
    Domain violation for set
*** Error 171 in C:\Users\Ali Sawah\Desktop\GAMS Models\OSEMOSYS\Utopia\Model\osemosys_equ.gms
    Domain violation for set
*** Error 171 in C:\Users\Ali Sawah\Desktop\GAMS Models\OSEMOSYS\Utopia\Model\osemosys_equ.gms
    Domain violation for set
*** Error 171 in C:\Users\Ali Sawah\Desktop\GAMS Models\OSEMOSYS\Utopia\Model\osemosys_equ.gms
    Domain violation for set
*** Error 171 in C:\Users\Ali Sawah\Desktop\GAMS Models\OSEMOSYS\Utopia\Model\osemosys_equ.gms
    Domain violation for set
--- osemosys_equ.gms(197) 3 Mb 123 Errors
*** Error 140 in C:\Users\Ali Sawah\Desktop\GAMS Models\OSEMOSYS\Utopia\Model\osemosys_equ.gms
    Unknown symbol
--- osemosys_equ.gms(200) 3 Mb 128 Errors
*** Error 171 in C:\Users\Ali Sawah\Desktop\GAMS Models\OSEMOSYS\Utopia\Model\osemosys_equ.gms
    Domain violation for set
*** Error 171 in C:\Users\Ali Sawah\Desktop\GAMS Models\OSEMOSYS\Utopia\Model\osemosys_equ.gms
    Domain violation for set
*** Error 171 in C:\Users\Ali Sawah\Desktop\GAMS Models\OSEMOSYS\Utopia\Model\osemosys_equ.gms
    Domain violation for set
*** Error 171 in C:\Users\Ali Sawah\Desktop\GAMS Models\OSEMOSYS\Utopia\Model\osemosys_equ.gms
    Domain violation for set
*** Error 171 in C:\Users\Ali Sawah\Desktop\GAMS Models\OSEMOSYS\Utopia\Model\osemosys_equ.gms
    Domain violation for set
--- osemosys_equ.gms(201) 3 Mb 129 Errors
*** Error 140 in C:\Users\Ali Sawah\Desktop\GAMS Models\OSEMOSYS\Utopia\Model\osemosys_equ.gms
    Unknown symbol
--- osemosys_equ.gms(204) 3 Mb 133 Errors
*** Error 171 in C:\Users\Ali Sawah\Desktop\GAMS Models\OSEMOSYS\Utopia\Model\osemosys_equ.gms
    Domain violation for set
*** Error 171 in C:\Users\Ali Sawah\Desktop\GAMS Models\OSEMOSYS\Utopia\Model\osemosys_equ.gms
    Domain violation for set
*** Error 171 in C:\Users\Ali Sawah\Desktop\GAMS Models\OSEMOSYS\Utopia\Model\osemosys_equ.gms
    Domain violation for set
*** Error 171 in C:\Users\Ali Sawah\Desktop\GAMS Models\OSEMOSYS\Utopia\Model\osemosys_equ.gms
    Domain violation for set
--- osemosys_equ.gms(205) 3 Mb 134 Errors
*** Error 140 in C:\Users\Ali Sawah\Desktop\GAMS Models\OSEMOSYS\Utopia\Model\osemosys_equ.gms
    Unknown symbol
--- osemosys_equ.gms(208) 3 Mb 135 Errors
*** Error 171 in C:\Users\Ali Sawah\Desktop\GAMS Models\OSEMOSYS\Utopia\Model\osemosys_equ.gms
    Domain violation for set
--- osemosys_equ.gms(209) 3 Mb 136 Errors
*** Error 140 in C:\Users\Ali Sawah\Desktop\GAMS Models\OSEMOSYS\Utopia\Model\osemosys_equ.gms
    Unknown symbol
--- osemosys_equ.gms(396) 3 Mb 139 Errors
*** Error 171 in C:\Users\Ali Sawah\Desktop\GAMS Models\OSEMOSYS\Utopia\Model\osemosys_equ.gms
    Domain violation for set
*** Error 171 in C:\Users\Ali Sawah\Desktop\GAMS Models\OSEMOSYS\Utopia\Model\osemosys_equ.gms
    Domain violation for set
*** Error 171 in C:\Users\Ali Sawah\Desktop\GAMS Models\OSEMOSYS\Utopia\Model\osemosys_equ.gms
    Domain violation for set
--- osemosys_equ.gms(397) 3 Mb 141 Errors
*** Error 140 in C:\Users\Ali Sawah\Desktop\GAMS Models\OSEMOSYS\Utopia\Model\osemosys_equ.gms
    Unknown symbol
*** Error 140 in C:\Users\Ali Sawah\Desktop\GAMS Models\OSEMOSYS\Utopia\Model\osemosys_equ.gms
    Unknown symbol
--- osemosys_equ.gms(400) 3 Mb 144 Errors
*** Error 171 in C:\Users\Ali Sawah\Desktop\GAMS Models\OSEMOSYS\Utopia\Model\osemosys_equ.gms
    Domain violation for set
*** Error 171 in C:\Users\Ali Sawah\Desktop\GAMS Models\OSEMOSYS\Utopia\Model\osemosys_equ.gms
    Domain violation for set
*** Error 171 in C:\Users\Ali Sawah\Desktop\GAMS Models\OSEMOSYS\Utopia\Model\osemosys_equ.gms
    Domain violation for set
--- osemosys_equ.gms(401) 3 Mb 147 Errors
*** Error 140 in C:\Users\Ali Sawah\Desktop\GAMS Models\OSEMOSYS\Utopia\Model\osemosys_equ.gms
    Unknown symbol
*** Error 120 in C:\Users\Ali Sawah\Desktop\GAMS Models\OSEMOSYS\Utopia\Model\osemosys_equ.gms
    Unknown identifier entered as set
*** Error 140 in C:\Users\Ali Sawah\Desktop\GAMS Models\OSEMOSYS\Utopia\Model\osemosys_equ.gms
    Unknown symbol
--- osemosys_equ.gms(415) 3 Mb 152 Errors
*** Error 171 in C:\Users\Ali Sawah\Desktop\GAMS Models\OSEMOSYS\Utopia\Model\osemosys_equ.gms
    Domain violation for set
*** Error 171 in C:\Users\Ali Sawah\Desktop\GAMS Models\OSEMOSYS\Utopia\Model\osemosys_equ.gms
    Domain violation for set
*** Error 171 in C:\Users\Ali Sawah\Desktop\GAMS Models\OSEMOSYS\Utopia\Model\osemosys_equ.gms
    Domain violation for set
*** Error 140 in C:\Users\Ali Sawah\Desktop\GAMS Models\OSEMOSYS\Utopia\Model\osemosys_equ.gms
    Unknown symbol
*** Error 140 in C:\Users\Ali Sawah\Desktop\GAMS Models\OSEMOSYS\Utopia\Model\osemosys_equ.gms
    Unknown symbol
--- osemosys_equ.gms(416) 3 Mb 153 Errors
*** Error 140 in C:\Users\Ali Sawah\Desktop\GAMS Models\OSEMOSYS\Utopia\Model\osemosys_equ.gms
    Unknown symbol
--- osemosys_equ.gms(419) 3 Mb 156 Errors
*** Error 171 in C:\Users\Ali Sawah\Desktop\GAMS Models\OSEMOSYS\Utopia\Model\osemosys_equ.gms
    Domain violation for set
*** Error 171 in C:\Users\Ali Sawah\Desktop\GAMS Models\OSEMOSYS\Utopia\Model\osemosys_equ.gms
    Domain violation for set
*** Error 171 in C:\Users\Ali Sawah\Desktop\GAMS Models\OSEMOSYS\Utopia\Model\osemosys_equ.gms
    Domain violation for set
--- osemosys_equ.gms(423) 3 Mb 159 Errors
*** Error 171 in C:\Users\Ali Sawah\Desktop\GAMS Models\OSEMOSYS\Utopia\Model\osemosys_equ.gms
    Domain violation for set
*** Error 171 in C:\Users\Ali Sawah\Desktop\GAMS Models\OSEMOSYS\Utopia\Model\osemosys_equ.gms
    Domain violation for set
*** Error 171 in C:\Users\Ali Sawah\Desktop\GAMS Models\OSEMOSYS\Utopia\Model\osemosys_equ.gms
    Domain violation for set
--- osemosys_equ.gms(427) 3 Mb 162 Errors
*** Error 171 in C:\Users\Ali Sawah\Desktop\GAMS Models\OSEMOSYS\Utopia\Model\osemosys_equ.gms
    Domain violation for set
*** Error 171 in C:\Users\Ali Sawah\Desktop\GAMS Models\OSEMOSYS\Utopia\Model\osemosys_equ.gms
    Domain violation for set
*** Error 171 in C:\Users\Ali Sawah\Desktop\GAMS Models\OSEMOSYS\Utopia\Model\osemosys_equ.gms
    Domain violation for set
--- osemosys_equ.gms(428) 3 Mb 163 Errors
*** Error 140 in C:\Users\Ali Sawah\Desktop\GAMS Models\OSEMOSYS\Utopia\Model\osemosys_equ.gms
    Unknown symbol
--- osemosys_equ.gms(439) 3 Mb 167 Errors
*** Error 171 in C:\Users\Ali Sawah\Desktop\GAMS Models\OSEMOSYS\Utopia\Model\osemosys_equ.gms
    Domain violation for set
*** Error 171 in C:\Users\Ali Sawah\Desktop\GAMS Models\OSEMOSYS\Utopia\Model\osemosys_equ.gms
    Domain violation for set
*** Error 171 in C:\Users\Ali Sawah\Desktop\GAMS Models\OSEMOSYS\Utopia\Model\osemosys_equ.gms
    Domain violation for set
*** Error 171 in C:\Users\Ali Sawah\Desktop\GAMS Models\OSEMOSYS\Utopia\Model\osemosys_equ.gms
    Domain violation for set
--- osemosys_equ.gms(440) 3 Mb 168 Errors
*** Error 140 in C:\Users\Ali Sawah\Desktop\GAMS Models\OSEMOSYS\Utopia\Model\osemosys_equ.gms
    Unknown symbol
--- osemosys_equ.gms(441) 3 Mb 169 Errors
*** Error 140 in C:\Users\Ali Sawah\Desktop\GAMS Models\OSEMOSYS\Utopia\Model\osemosys_equ.gms
    Unknown symbol
--- osemosys_equ.gms(444) 3 Mb 172 Errors
*** Error 171 in C:\Users\Ali Sawah\Desktop\GAMS Models\OSEMOSYS\Utopia\Model\osemosys_equ.gms
    Domain violation for set
*** Error 171 in C:\Users\Ali Sawah\Desktop\GAMS Models\OSEMOSYS\Utopia\Model\osemosys_equ.gms
    Domain violation for set
*** Error 171 in C:\Users\Ali Sawah\Desktop\GAMS Models\OSEMOSYS\Utopia\Model\osemosys_equ.gms
    Domain violation for set
--- osemosys_equ.gms(445) 3 Mb 174 Errors
*** Error 140 in C:\Users\Ali Sawah\Desktop\GAMS Models\OSEMOSYS\Utopia\Model\osemosys_equ.gms
    Unknown symbol
*** Error 140 in C:\Users\Ali Sawah\Desktop\GAMS Models\OSEMOSYS\Utopia\Model\osemosys_equ.gms
    Unknown symbol
--- osemosys_equ.gms(448) 3 Mb 177 Errors
*** Error 171 in C:\Users\Ali Sawah\Desktop\GAMS Models\OSEMOSYS\Utopia\Model\osemosys_equ.gms
    Domain violation for set
*** Error 171 in C:\Users\Ali Sawah\Desktop\GAMS Models\OSEMOSYS\Utopia\Model\osemosys_equ.gms
    Domain violation for set
*** Error 171 in C:\Users\Ali Sawah\Desktop\GAMS Models\OSEMOSYS\Utopia\Model\osemosys_equ.gms
    Domain violation for set
--- osemosys_equ.gms(449) 3 Mb 178 Errors
*** Error 140 in C:\Users\Ali Sawah\Desktop\GAMS Models\OSEMOSYS\Utopia\Model\osemosys_equ.gms
    Unknown symbol
--- osemosys_equ.gms(452) 3 Mb 181 Errors
*** Error 171 in C:\Users\Ali Sawah\Desktop\GAMS Models\OSEMOSYS\Utopia\Model\osemosys_equ.gms
    Domain violation for set
*** Error 171 in C:\Users\Ali Sawah\Desktop\GAMS Models\OSEMOSYS\Utopia\Model\osemosys_equ.gms
    Domain violation for set
*** Error 171 in C:\Users\Ali Sawah\Desktop\GAMS Models\OSEMOSYS\Utopia\Model\osemosys_equ.gms
    Domain violation for set
--- osemosys_equ.gms(453) 3 Mb 182 Errors
*** Error 140 in C:\Users\Ali Sawah\Desktop\GAMS Models\OSEMOSYS\Utopia\Model\osemosys_equ.gms
    Unknown symbol
--- osemosys_equ.gms(469) 3 Mb 185 Errors
*** Error 171 in C:\Users\Ali Sawah\Desktop\GAMS Models\OSEMOSYS\Utopia\Model\osemosys_equ.gms
    Domain violation for set
*** Error 171 in C:\Users\Ali Sawah\Desktop\GAMS Models\OSEMOSYS\Utopia\Model\osemosys_equ.gms
    Domain violation for set
*** Error 171 in C:\Users\Ali Sawah\Desktop\GAMS Models\OSEMOSYS\Utopia\Model\osemosys_equ.gms
    Domain violation for set
--- osemosys_equ.gms(470) 3 Mb 187 Errors
*** Error 140 in C:\Users\Ali Sawah\Desktop\GAMS Models\OSEMOSYS\Utopia\Model\osemosys_equ.gms
    Unknown symbol
*** Error 140 in C:\Users\Ali Sawah\Desktop\GAMS Models\OSEMOSYS\Utopia\Model\osemosys_equ.gms
    Unknown symbol
--- osemosys_equ.gms(473) 3 Mb 189 Errors
*** Error 171 in C:\Users\Ali Sawah\Desktop\GAMS Models\OSEMOSYS\Utopia\Model\osemosys_equ.gms
    Domain violation for set
*** Error 171 in C:\Users\Ali Sawah\Desktop\GAMS Models\OSEMOSYS\Utopia\Model\osemosys_equ.gms
    Domain violation for set
--- osemosys_equ.gms(474) 3 Mb 191 Errors
*** Error 120 in C:\Users\Ali Sawah\Desktop\GAMS Models\OSEMOSYS\Utopia\Model\osemosys_equ.gms
    Unknown identifier entered as set
*** Error 140 in C:\Users\Ali Sawah\Desktop\GAMS Models\OSEMOSYS\Utopia\Model\osemosys_equ.gms
    Unknown symbol
--- osemosys_equ.gms(488) 3 Mb 194 Errors
*** Error 171 in C:\Users\Ali Sawah\Desktop\GAMS Models\OSEMOSYS\Utopia\Model\osemosys_equ.gms
    Domain violation for set
*** Error 171 in C:\Users\Ali Sawah\Desktop\GAMS Models\OSEMOSYS\Utopia\Model\osemosys_equ.gms
    Domain violation for set
*** Error 171 in C:\Users\Ali Sawah\Desktop\GAMS Models\OSEMOSYS\Utopia\Model\osemosys_equ.gms
    Domain violation for set
--- osemosys_equ.gms(489) 3 Mb 195 Errors
*** Error 140 in C:\Users\Ali Sawah\Desktop\GAMS Models\OSEMOSYS\Utopia\Model\osemosys_equ.gms
    Unknown symbol
--- osemosys_equ.gms(492) 3 Mb 199 Errors
*** Error 171 in C:\Users\Ali Sawah\Desktop\GAMS Models\OSEMOSYS\Utopia\Model\osemosys_equ.gms
    Domain violation for set
*** Error 171 in C:\Users\Ali Sawah\Desktop\GAMS Models\OSEMOSYS\Utopia\Model\osemosys_equ.gms
    Domain violation for set
*** Error 171 in C:\Users\Ali Sawah\Desktop\GAMS Models\OSEMOSYS\Utopia\Model\osemosys_equ.gms
    Domain violation for set
*** Error 140 in C:\Users\Ali Sawah\Desktop\GAMS Models\OSEMOSYS\Utopia\Model\osemosys_equ.gms
    Unknown symbol
--- osemosys_equ.gms(507) 3 Mb 202 Errors
*** Error 171 in C:\Users\Ali Sawah\Desktop\GAMS Models\OSEMOSYS\Utopia\Model\osemosys_equ.gms
    Domain violation for set
*** Error 171 in C:\Users\Ali Sawah\Desktop\GAMS Models\OSEMOSYS\Utopia\Model\osemosys_equ.gms
    Domain violation for set
*** Error 171 in C:\Users\Ali Sawah\Desktop\GAMS Models\OSEMOSYS\Utopia\Model\osemosys_equ.gms
    Domain violation for set
--- osemosys_equ.gms(508) 3 Mb 203 Errors
*** Error 140 in C:\Users\Ali Sawah\Desktop\GAMS Models\OSEMOSYS\Utopia\Model\osemosys_equ.gms
    Unknown symbol
--- osemosys_equ.gms(511) 3 Mb 207 Errors
*** Error 171 in C:\Users\Ali Sawah\Desktop\GAMS Models\OSEMOSYS\Utopia\Model\osemosys_equ.gms
    Domain violation for set
*** Error 171 in C:\Users\Ali Sawah\Desktop\GAMS Models\OSEMOSYS\Utopia\Model\osemosys_equ.gms
    Domain violation for set
*** Error 171 in C:\Users\Ali Sawah\Desktop\GAMS Models\OSEMOSYS\Utopia\Model\osemosys_equ.gms
    Domain violation for set
*** Error 140 in C:\Users\Ali Sawah\Desktop\GAMS Models\OSEMOSYS\Utopia\Model\osemosys_equ.gms
    Unknown symbol
--- osemosys_equ.gms(526) 3 Mb 210 Errors
*** Error 171 in C:\Users\Ali Sawah\Desktop\GAMS Models\OSEMOSYS\Utopia\Model\osemosys_equ.gms
    Domain violation for set
*** Error 171 in C:\Users\Ali Sawah\Desktop\GAMS Models\OSEMOSYS\Utopia\Model\osemosys_equ.gms
    Domain violation for set
*** Error 171 in C:\Users\Ali Sawah\Desktop\GAMS Models\OSEMOSYS\Utopia\Model\osemosys_equ.gms
    Domain violation for set
--- osemosys_equ.gms(527) 3 Mb 211 Errors
*** Error 140 in C:\Users\Ali Sawah\Desktop\GAMS Models\OSEMOSYS\Utopia\Model\osemosys_equ.gms
    Unknown symbol
--- osemosys_equ.gms(530) 3 Mb 214 Errors
*** Error 171 in C:\Users\Ali Sawah\Desktop\GAMS Models\OSEMOSYS\Utopia\Model\osemosys_equ.gms
    Domain violation for set
*** Error 171 in C:\Users\Ali Sawah\Desktop\GAMS Models\OSEMOSYS\Utopia\Model\osemosys_equ.gms
    Domain violation for set
*** Error 171 in C:\Users\Ali Sawah\Desktop\GAMS Models\OSEMOSYS\Utopia\Model\osemosys_equ.gms
    Domain violation for set
--- osemosys_equ.gms(531) 3 Mb 215 Errors
*** Error 140 in C:\Users\Ali Sawah\Desktop\GAMS Models\OSEMOSYS\Utopia\Model\osemosys_equ.gms
    Unknown symbol
--- osemosys_equ.gms(534) 3 Mb 219 Errors
*** Error 171 in C:\Users\Ali Sawah\Desktop\GAMS Models\OSEMOSYS\Utopia\Model\osemosys_equ.gms
    Domain violation for set
*** Error 171 in C:\Users\Ali Sawah\Desktop\GAMS Models\OSEMOSYS\Utopia\Model\osemosys_equ.gms
    Domain violation for set
*** Error 171 in C:\Users\Ali Sawah\Desktop\GAMS Models\OSEMOSYS\Utopia\Model\osemosys_equ.gms
    Domain violation for set
*** Error 140 in C:\Users\Ali Sawah\Desktop\GAMS Models\OSEMOSYS\Utopia\Model\osemosys_equ.gms
    Unknown symbol
--- osemosys_equ.gms(549) 3 Mb 221 Errors
*** Error 171 in C:\Users\Ali Sawah\Desktop\GAMS Models\OSEMOSYS\Utopia\Model\osemosys_equ.gms
    Domain violation for set
*** Error 171 in C:\Users\Ali Sawah\Desktop\GAMS Models\OSEMOSYS\Utopia\Model\osemosys_equ.gms
    Domain violation for set
--- osemosys_equ.gms(550) 3 Mb 222 Errors
*** Error 140 in C:\Users\Ali Sawah\Desktop\GAMS Models\OSEMOSYS\Utopia\Model\osemosys_equ.gms
    Unknown symbol
--- osemosys_equ.gms(553) 3 Mb 226 Errors
*** Error 171 in C:\Users\Ali Sawah\Desktop\GAMS Models\OSEMOSYS\Utopia\Model\osemosys_equ.gms
    Domain violation for set
*** Error 171 in C:\Users\Ali Sawah\Desktop\GAMS Models\OSEMOSYS\Utopia\Model\osemosys_equ.gms
    Domain violation for set
*** Error 171 in C:\Users\Ali Sawah\Desktop\GAMS Models\OSEMOSYS\Utopia\Model\osemosys_equ.gms
    Domain violation for set
*** Error 140 in C:\Users\Ali Sawah\Desktop\GAMS Models\OSEMOSYS\Utopia\Model\osemosys_equ.gms
    Unknown symbol
--- osemosys_equ.gms(557) 3 Mb 230 Errors
*** Error 171 in C:\Users\Ali Sawah\Desktop\GAMS Models\OSEMOSYS\Utopia\Model\osemosys_equ.gms
    Domain violation for set
*** Error 171 in C:\Users\Ali Sawah\Desktop\GAMS Models\OSEMOSYS\Utopia\Model\osemosys_equ.gms
    Domain violation for set
*** Error 171 in C:\Users\Ali Sawah\Desktop\GAMS Models\OSEMOSYS\Utopia\Model\osemosys_equ.gms
    Domain violation for set
*** Error 140 in C:\Users\Ali Sawah\Desktop\GAMS Models\OSEMOSYS\Utopia\Model\osemosys_equ.gms
    Unknown symbol
--- osemosys_equ.gms(571) 3 Mb 233 Errors
*** Error 171 in C:\Users\Ali Sawah\Desktop\GAMS Models\OSEMOSYS\Utopia\Model\osemosys_equ.gms
    Domain violation for set
*** Error 171 in C:\Users\Ali Sawah\Desktop\GAMS Models\OSEMOSYS\Utopia\Model\osemosys_equ.gms
    Domain violation for set
*** Error 171 in C:\Users\Ali Sawah\Desktop\GAMS Models\OSEMOSYS\Utopia\Model\osemosys_equ.gms
    Domain violation for set
--- osemosys_equ.gms(572) 3 Mb 235 Errors
*** Error 140 in C:\Users\Ali Sawah\Desktop\GAMS Models\OSEMOSYS\Utopia\Model\osemosys_equ.gms
    Unknown symbol
*** Error 140 in C:\Users\Ali Sawah\Desktop\GAMS Models\OSEMOSYS\Utopia\Model\osemosys_equ.gms
    Unknown symbol
--- osemosys_equ.gms(575) 3 Mb 238 Errors
*** Error 171 in C:\Users\Ali Sawah\Desktop\GAMS Models\OSEMOSYS\Utopia\Model\osemosys_equ.gms
    Domain violation for set
*** Error 171 in C:\Users\Ali Sawah\Desktop\GAMS Models\OSEMOSYS\Utopia\Model\osemosys_equ.gms
    Domain violation for set
*** Error 171 in C:\Users\Ali Sawah\Desktop\GAMS Models\OSEMOSYS\Utopia\Model\osemosys_equ.gms
    Domain violation for set
--- osemosys_equ.gms(576) 3 Mb 240 Errors
*** Error 140 in C:\Users\Ali Sawah\Desktop\GAMS Models\OSEMOSYS\Utopia\Model\osemosys_equ.gms
    Unknown symbol
*** Error 140 in C:\Users\Ali Sawah\Desktop\GAMS Models\OSEMOSYS\Utopia\Model\osemosys_equ.gms
    Unknown symbol
--- osemosys_equ.gms(579) 3 Mb 243 Errors
*** Error 171 in C:\Users\Ali Sawah\Desktop\GAMS Models\OSEMOSYS\Utopia\Model\osemosys_equ.gms
    Domain violation for set
*** Error 171 in C:\Users\Ali Sawah\Desktop\GAMS Models\OSEMOSYS\Utopia\Model\osemosys_equ.gms
    Domain violation for set
*** Error 171 in C:\Users\Ali Sawah\Desktop\GAMS Models\OSEMOSYS\Utopia\Model\osemosys_equ.gms
    Domain violation for set
--- osemosys_equ.gms(580) 3 Mb 244 Errors
*** Error 140 in C:\Users\Ali Sawah\Desktop\GAMS Models\OSEMOSYS\Utopia\Model\osemosys_equ.gms
    Unknown symbol
--- osemosys_equ.gms(592) 3 Mb 248 Errors
*** Error 171 in C:\Users\Ali Sawah\Desktop\GAMS Models\OSEMOSYS\Utopia\Model\osemosys_equ.gms
    Domain violation for set
*** Error 171 in C:\Users\Ali Sawah\Desktop\GAMS Models\OSEMOSYS\Utopia\Model\osemosys_equ.gms
    Domain violation for set
*** Error 171 in C:\Users\Ali Sawah\Desktop\GAMS Models\OSEMOSYS\Utopia\Model\osemosys_equ.gms
    Domain violation for set
*** Error 171 in C:\Users\Ali Sawah\Desktop\GAMS Models\OSEMOSYS\Utopia\Model\osemosys_equ.gms
    Domain violation for set
--- osemosys_equ.gms(593) 3 Mb 249 Errors
*** Error 140 in C:\Users\Ali Sawah\Desktop\GAMS Models\OSEMOSYS\Utopia\Model\osemosys_equ.gms
    Unknown symbol
--- osemosys_equ.gms(596) 3 Mb 251 Errors
*** Error 171 in C:\Users\Ali Sawah\Desktop\GAMS Models\OSEMOSYS\Utopia\Model\osemosys_equ.gms
    Domain violation for set
*** Error 171 in C:\Users\Ali Sawah\Desktop\GAMS Models\OSEMOSYS\Utopia\Model\osemosys_equ.gms
    Domain violation for set
--- osemosys_equ.gms(597) 3 Mb 253 Errors
*** Error 140 in C:\Users\Ali Sawah\Desktop\GAMS Models\OSEMOSYS\Utopia\Model\osemosys_equ.gms
    Unknown symbol
*** Error 140 in C:\Users\Ali Sawah\Desktop\GAMS Models\OSEMOSYS\Utopia\Model\osemosys_equ.gms
    Unknown symbol
--- osemosys_equ.gms(600) 3 Mb 255 Errors
*** Error 171 in C:\Users\Ali Sawah\Desktop\GAMS Models\OSEMOSYS\Utopia\Model\osemosys_equ.gms
    Domain violation for set
*** Error 171 in C:\Users\Ali Sawah\Desktop\GAMS Models\OSEMOSYS\Utopia\Model\osemosys_equ.gms
    Domain violation for set
--- osemosys_equ.gms(601) 3 Mb 257 Errors
*** Error 140 in C:\Users\Ali Sawah\Desktop\GAMS Models\OSEMOSYS\Utopia\Model\osemosys_equ.gms
    Unknown symbol
*** Error 140 in C:\Users\Ali Sawah\Desktop\GAMS Models\OSEMOSYS\Utopia\Model\osemosys_equ.gms
    Unknown symbol
--- osemosys_equ.gms(604) 3 Mb 259 Errors
*** Error 171 in C:\Users\Ali Sawah\Desktop\GAMS Models\OSEMOSYS\Utopia\Model\osemosys_equ.gms
    Domain violation for set
*** Error 171 in C:\Users\Ali Sawah\Desktop\GAMS Models\OSEMOSYS\Utopia\Model\osemosys_equ.gms
    Domain violation for set
--- osemosys_equ.gms(605) 3 Mb 260 Errors
*** Error 140 in C:\Users\Ali Sawah\Desktop\GAMS Models\OSEMOSYS\Utopia\Model\osemosys_equ.gms
    Unknown symbol
--- osemosys_equ.gms(608) 3 Mb 264 Errors
*** Error 171 in C:\Users\Ali Sawah\Desktop\GAMS Models\OSEMOSYS\Utopia\Model\osemosys_equ.gms
    Domain violation for set
*** Error 171 in C:\Users\Ali Sawah\Desktop\GAMS Models\OSEMOSYS\Utopia\Model\osemosys_equ.gms
    Domain violation for set
*** Error 171 in C:\Users\Ali Sawah\Desktop\GAMS Models\OSEMOSYS\Utopia\Model\osemosys_equ.gms
    Domain violation for set
*** Error 171 in C:\Users\Ali Sawah\Desktop\GAMS Models\OSEMOSYS\Utopia\Model\osemosys_equ.gms
    Domain violation for set
--- osemosys_equ.gms(609) 3 Mb 265 Errors
*** Error 140 in C:\Users\Ali Sawah\Desktop\GAMS Models\OSEMOSYS\Utopia\Model\osemosys_equ.gms
    Unknown symbol
--- osemosys_equ.gms(623) 3 Mb 266 Errors
*** Error 120 in C:\Users\Ali Sawah\Desktop\GAMS Models\OSEMOSYS\Utopia\Model\osemosys_equ.gms
    Unknown identifier entered as set
--- osemosys_equ.gms(624) 3 Mb 267 Errors
*** Error 120 in C:\Users\Ali Sawah\Desktop\GAMS Models\OSEMOSYS\Utopia\Model\osemosys_equ.gms
    Unknown identifier entered as set
--- osemosys_equ.gms(625) 3 Mb 269 Errors
*** Error 140 in C:\Users\Ali Sawah\Desktop\GAMS Models\OSEMOSYS\Utopia\Model\osemosys_equ.gms
    Unknown symbol
*** Error 140 in C:\Users\Ali Sawah\Desktop\GAMS Models\OSEMOSYS\Utopia\Model\osemosys_equ.gms
    Unknown symbol
--- osemosys_equ.gms(628) 3 Mb 273 Errors
*** Error 171 in C:\Users\Ali Sawah\Desktop\GAMS Models\OSEMOSYS\Utopia\Model\osemosys_equ.gms
    Domain violation for set
*** Error 171 in C:\Users\Ali Sawah\Desktop\GAMS Models\OSEMOSYS\Utopia\Model\osemosys_equ.gms
    Domain violation for set
*** Error 171 in C:\Users\Ali Sawah\Desktop\GAMS Models\OSEMOSYS\Utopia\Model\osemosys_equ.gms
    Domain violation for set
*** Error 171 in C:\Users\Ali Sawah\Desktop\GAMS Models\OSEMOSYS\Utopia\Model\osemosys_equ.gms
    Domain violation for set
--- osemosys_equ.gms(629) 3 Mb 274 Errors
*** Error 140 in C:\Users\Ali Sawah\Desktop\GAMS Models\OSEMOSYS\Utopia\Model\osemosys_equ.gms
    Unknown symbol
--- osemosys_equ.gms(632) 3 Mb 278 Errors
*** Error 171 in C:\Users\Ali Sawah\Desktop\GAMS Models\OSEMOSYS\Utopia\Model\osemosys_equ.gms
    Domain violation for set
*** Error 171 in C:\Users\Ali Sawah\Desktop\GAMS Models\OSEMOSYS\Utopia\Model\osemosys_equ.gms
    Domain violation for set
*** Error 171 in C:\Users\Ali Sawah\Desktop\GAMS Models\OSEMOSYS\Utopia\Model\osemosys_equ.gms
    Domain violation for set
*** Error 171 in C:\Users\Ali Sawah\Desktop\GAMS Models\OSEMOSYS\Utopia\Model\osemosys_equ.gms
    Domain violation for set
--- osemosys_equ.gms(633) 3 Mb 280 Errors
*** Error 140 in C:\Users\Ali Sawah\Desktop\GAMS Models\OSEMOSYS\Utopia\Model\osemosys_equ.gms
    Unknown symbol
*** Error 140 in C:\Users\Ali Sawah\Desktop\GAMS Models\OSEMOSYS\Utopia\Model\osemosys_equ.gms
    Unknown symbol
--- osemosys_equ.gms(636) 3 Mb 283 Errors
*** Error 171 in C:\Users\Ali Sawah\Desktop\GAMS Models\OSEMOSYS\Utopia\Model\osemosys_equ.gms
    Domain violation for set
*** Error 171 in C:\Users\Ali Sawah\Desktop\GAMS Models\OSEMOSYS\Utopia\Model\osemosys_equ.gms
    Domain violation for set
*** Error 171 in C:\Users\Ali Sawah\Desktop\GAMS Models\OSEMOSYS\Utopia\Model\osemosys_equ.gms
    Domain violation for set
--- osemosys_equ.gms(637) 3 Mb 284 Errors
*** Error 140 in C:\Users\Ali Sawah\Desktop\GAMS Models\OSEMOSYS\Utopia\Model\osemosys_equ.gms
    Unknown symbol
--- osemosys_equ.gms(640) 3 Mb 287 Errors
*** Error 171 in C:\Users\Ali Sawah\Desktop\GAMS Models\OSEMOSYS\Utopia\Model\osemosys_equ.gms
    Domain violation for set
*** Error 171 in C:\Users\Ali Sawah\Desktop\GAMS Models\OSEMOSYS\Utopia\Model\osemosys_equ.gms
    Domain violation for set
*** Error 171 in C:\Users\Ali Sawah\Desktop\GAMS Models\OSEMOSYS\Utopia\Model\osemosys_equ.gms
    Domain violation for set
--- osemosys_equ.gms(644) 3 Mb 290 Errors
*** Error 171 in C:\Users\Ali Sawah\Desktop\GAMS Models\OSEMOSYS\Utopia\Model\osemosys_equ.gms
    Domain violation for set
*** Error 171 in C:\Users\Ali Sawah\Desktop\GAMS Models\OSEMOSYS\Utopia\Model\osemosys_equ.gms
    Domain violation for set
*** Error 171 in C:\Users\Ali Sawah\Desktop\GAMS Models\OSEMOSYS\Utopia\Model\osemosys_equ.gms
    Domain violation for set
--- osemosys_equ.gms(645) 3 Mb 291 Errors
*** Error 140 in C:\Users\Ali Sawah\Desktop\GAMS Models\OSEMOSYS\Utopia\Model\osemosys_equ.gms
    Unknown symbol
--- osemosys_equ.gms(648) 3 Mb 293 Errors
*** Error 171 in C:\Users\Ali Sawah\Desktop\GAMS Models\OSEMOSYS\Utopia\Model\osemosys_equ.gms
    Domain violation for set
*** Error 171 in C:\Users\Ali Sawah\Desktop\GAMS Models\OSEMOSYS\Utopia\Model\osemosys_equ.gms
    Domain violation for set
--- osemosys_equ.gms(649) 3 Mb 295 Errors
*** Error 140 in C:\Users\Ali Sawah\Desktop\GAMS Models\OSEMOSYS\Utopia\Model\osemosys_equ.gms
    Unknown symbol
*** Error 140 in C:\Users\Ali Sawah\Desktop\GAMS Models\OSEMOSYS\Utopia\Model\osemosys_equ.gms
    Unknown symbol
--- osemosys_equ.gms(652) 3 Mb 298 Errors
*** Error 171 in C:\Users\Ali Sawah\Desktop\GAMS Models\OSEMOSYS\Utopia\Model\osemosys_equ.gms
    Domain violation for set
*** Error 171 in C:\Users\Ali Sawah\Desktop\GAMS Models\OSEMOSYS\Utopia\Model\osemosys_equ.gms
    Domain violation for set
*** Error 171 in C:\Users\Ali Sawah\Desktop\GAMS Models\OSEMOSYS\Utopia\Model\osemosys_equ.gms
    Domain violation for set
--- osemosys_equ.gms(653) 3 Mb 300 Errors
*** Error 140 in C:\Users\Ali Sawah\Desktop\GAMS Models\OSEMOSYS\Utopia\Model\osemosys_equ.gms
    Unknown symbol
*** Error 140 in C:\Users\Ali Sawah\Desktop\GAMS Models\OSEMOSYS\Utopia\Model\osemosys_equ.gms
    Unknown symbol
--- osemosys_equ.gms(656) 3 Mb 302 Errors
*** Error 171 in C:\Users\Ali Sawah\Desktop\GAMS Models\OSEMOSYS\Utopia\Model\osemosys_equ.gms
    Domain violation for set
*** Error 171 in C:\Users\Ali Sawah\Desktop\GAMS Models\OSEMOSYS\Utopia\Model\osemosys_equ.gms
    Domain violation for set
--- osemosys_equ.gms(657) 3 Mb 303 Errors
*** Error 140 in C:\Users\Ali Sawah\Desktop\GAMS Models\OSEMOSYS\Utopia\Model\osemosys_equ.gms
    Unknown symbol
--- osemosys_equ.gms(657) 3 Mb 303 Errors
*** Status: Compilation error(s)
--- Job osemosys_equ.gms Stop 04/01/24 14:41:40 elapsed 0:00:00.012
